# FILE 1529356955090375 wq_20.log 1 0
# FILE 1529356955091358 wq_20.log.tr 1 0
# STARTED 1529356955091388
# FILE 1529356955795791 t_47616802.sh 2 0
# FILE 1529356955795832 t_281b2442.sh 2 0
# FILE 1529356955795852 builder_f3f9588b1dd80a7d19cbda544afbf684b6e9cf87.log 1 0
# FILE 1529356955795872 mf.19 1 1073741824
1529356955796090 18 1 1 20 1 0 0 0 21
# FILE 1529356955806890 t_bb912733.sh 2 0
# FILE 1529356955806924 t_03f67c27.sh 2 0
# FILE 1529356955806944 builder_764f2946587a617a44014c956fcd1c869c36494e.log 1 0
# FILE 1529356955806964 mf.18 1 1073741824
1529356955807115 17 1 2 19 2 0 0 0 21
# FILE 1529356955818093 t_23b42520.sh 2 0
# FILE 1529356955818127 t_73a7fc7a.sh 2 0
# FILE 1529356955818148 builder_ebb05fd9dd51e04b7f84d6b2b0bedcb9dec7fedb.log 1 0
# FILE 1529356955818167 mf.17 1 1073741824
1529356955818305 16 1 3 18 3 0 0 0 21
# FILE 1529356955833530 t_76f5ab62.sh 2 0
# FILE 1529356955833564 t_9e379802.sh 2 0
# FILE 1529356955833584 builder_c10d8ede4513669af19fd5b4ecee7307ca07302b.log 1 0
# FILE 1529356955833603 mf.16 1 1073741824
1529356955833740 15 1 4 17 4 0 0 0 21
# FILE 1529356955845344 t_c4ebdab1.sh 2 0
# FILE 1529356955845378 t_6e976144.sh 2 0
# FILE 1529356955845398 builder_18c05773cb3777596ccfc606803302fc6b0f7747.log 1 0
# FILE 1529356955845417 mf.15 1 1073741824
1529356955845558 14 1 5 16 5 0 0 0 21
# FILE 1529356955856936 t_00828181.sh 2 0
# FILE 1529356955856970 t_fd95f453.sh 2 0
# FILE 1529356955857001 builder_ac57f3ba4c087cbd5f2a894af2400896d7ddabd8.log 1 0
# FILE 1529356955857021 mf.14 1 1073741824
1529356955857164 13 1 6 15 6 0 0 0 21
# FILE 1529356955867683 t_baecf497.sh 2 0
# FILE 1529356955867717 t_44e3debf.sh 2 0
# FILE 1529356955867737 builder_bad43b1a228c5af74c522f857f88229f64eedcca.log 1 0
# FILE 1529356955867756 mf.13 1 1073741824
1529356955867898 12 1 7 14 7 0 0 0 21
# FILE 1529356955887624 t_4beec639.sh 2 0
# FILE 1529356955887658 t_75286dcb.sh 2 0
# FILE 1529356955887678 builder_ff085484a0f444931a2ee24bdfc08fe6956e6787.log 1 0
# FILE 1529356955887697 mf.12 1 1073741824
1529356955887842 11 1 8 13 8 0 0 0 21
# FILE 1529356955898855 t_c4b3cf41.sh 2 0
# FILE 1529356955898889 t_96f5ece8.sh 2 0
# FILE 1529356955898909 builder_209320b29e533cd8de13ee1654cd55489544ca8c.log 1 0
# FILE 1529356955898929 mf.11 1 1073741824
1529356955899098 10 1 9 12 9 0 0 0 21
# FILE 1529356955909933 t_087d81d5.sh 2 0
# FILE 1529356955909967 t_e92be137.sh 2 0
# FILE 1529356955910004 builder_850b0fa68f05c035ad7a2bca3f7d73c620e193ab.log 1 0
# FILE 1529356955910024 mf.10 1 1073741824
1529356955910170 9 1 10 11 10 0 0 0 21
# FILE 1529356955923000 t_233d6371.sh 2 0
# FILE 1529356955923034 t_6088a657.sh 2 0
# FILE 1529356955923053 builder_3c9d44a63136fead5da69251fb9f3f6d0c4108cb.log 1 0
# FILE 1529356955923073 mf.9 1 1073741824
1529356955923222 8 1 11 10 11 0 0 0 21
# FILE 1529356955935590 t_3b9632e4.sh 2 0
# FILE 1529356955935624 t_dcb29d7a.sh 2 0
# FILE 1529356955935643 builder_7151b8a578cafe33d080fde8a6e80a79baa092a5.log 1 0
# FILE 1529356955935663 mf.8 1 1073741824
1529356955935813 7 1 12 9 12 0 0 0 21
# FILE 1529356955946861 t_e47ffd24.sh 2 0
# FILE 1529356955946895 t_a2cc465e.sh 2 0
# FILE 1529356955946915 builder_384631348b508c41b38c1b9d94d57f742105c409.log 1 0
# FILE 1529356955946935 mf.7 1 1073741824
1529356955947107 6 1 13 8 13 0 0 0 21
# FILE 1529356955958147 t_15ca77d4.sh 2 0
# FILE 1529356955958182 t_a694a013.sh 2 0
# FILE 1529356955958201 builder_ed12bb046350378640bc2a7cf1a32469bd714855.log 1 0
# FILE 1529356955958222 mf.6 1 1073741824
1529356955958375 5 1 14 7 14 0 0 0 21
# FILE 1529356955986927 t_368f6980.sh 2 0
# FILE 1529356955986961 t_c5521cee.sh 2 0
# FILE 1529356955986988 builder_d0e896d6da5192d79ee089d0263efeb603834646.log 1 0
# FILE 1529356955987009 mf.5 1 1073741824
1529356955987163 4 1 15 6 15 0 0 0 21
# FILE 1529356955998118 t_20637cac.sh 2 0
# FILE 1529356955998153 t_adcad737.sh 2 0
# FILE 1529356955998173 builder_16404398d76c1a12b3d1628f903cc32d6a94a5c1.log 1 0
# FILE 1529356955998192 mf.4 1 1073741824
1529356955998348 3 1 16 5 16 0 0 0 21
# FILE 1529356956009150 t_c214b247.sh 2 0
# FILE 1529356956009185 t_19578e6e.sh 2 0
# FILE 1529356956009219 builder_ad31b7944bc79630b5eb135905c16f3979eff755.log 1 0
# FILE 1529356956009239 mf.3 1 1073741824
1529356956009399 2 1 17 4 17 0 0 0 21
# FILE 1529356956019889 t_7e5cfc38.sh 2 0
# FILE 1529356956019927 t_f246a96e.sh 2 0
# FILE 1529356956019948 builder_9e0102deaf4dbbcccdfe0375a22ffc80b6f7a549.log 1 0
# FILE 1529356956019968 mf.2 1 1073741824
1529356956020177 1 1 18 3 18 0 0 0 21
# FILE 1529356956032696 t_11e69322.sh 2 0
# FILE 1529356956032731 t_0a669c7f.sh 2 0
# FILE 1529356956032751 builder_7ca5fe2103f4821fc749683209b2ef1532119025.log 1 0
# FILE 1529356956032770 mf.1 1 1073741824
1529356956032930 0 1 19 2 19 0 0 0 21
# FILE 1529358365783957 builder_764f2946587a617a44014c956fcd1c869c36494e.log 2 33956
# FILE 1529358365785396 mf.18 2 7
# FILE 1529358365787525 t_bb912733.sh 4 0
# FILE 1529358365789565 t_03f67c27.sh 4 0
1529358365789591 17 2 2 2 18 1 0 0 21
# FILE 1529358479867186 builder_f3f9588b1dd80a7d19cbda544afbf684b6e9cf87.log 2 34278
# FILE 1529358479868753 mf.19 2 7
# FILE 1529358479871127 t_47616802.sh 4 0
# FILE 1529358479873277 t_281b2442.sh 4 0
1529358479873303 18 2 1 2 17 2 0 0 21
# FILE 1529359673780478 builder_c10d8ede4513669af19fd5b4ecee7307ca07302b.log 2 34738
# FILE 1529359673782010 mf.16 2 7
# FILE 1529359673789250 t_76f5ab62.sh 4 0
# FILE 1529359673792776 t_9e379802.sh 4 0
1529359673792802 15 2 4 2 16 3 0 0 21
# FILE 1529359689529892 builder_ac57f3ba4c087cbd5f2a894af2400896d7ddabd8.log 2 33956
# FILE 1529359689529947 mf.14 2 7
# FILE 1529359689536578 t_00828181.sh 4 0
# FILE 1529359689541496 t_fd95f453.sh 4 0
1529359689541521 13 2 6 2 15 4 0 0 21
# FILE 1529359937912144 builder_ff085484a0f444931a2ee24bdfc08fe6956e6787.log 2 34278
# FILE 1529359937913689 mf.12 2 7
# FILE 1529359937917351 t_4beec639.sh 4 0
# FILE 1529359937919442 t_75286dcb.sh 4 0
1529359937919468 11 2 8 2 14 5 0 0 21
# FILE 1529361001305679 builder_209320b29e533cd8de13ee1654cd55489544ca8c.log 2 34738
# FILE 1529361001307366 mf.11 2 7
# FILE 1529361001310202 t_c4b3cf41.sh 4 0
# FILE 1529361001312227 t_96f5ece8.sh 4 0
1529361001312253 10 2 9 2 13 6 0 0 21
# FILE 1529361038808192 builder_850b0fa68f05c035ad7a2bca3f7d73c620e193ab.log 2 34002
# FILE 1529361038808248 mf.10 2 7
# FILE 1529361038810903 t_087d81d5.sh 4 0
# FILE 1529361038813318 t_e92be137.sh 4 0
1529361038813345 9 2 10 2 12 7 0 0 21
# FILE 1529361391289798 builder_3c9d44a63136fead5da69251fb9f3f6d0c4108cb.log 2 34324
# FILE 1529361391291265 mf.9 2 7
# FILE 1529361391303075 t_233d6371.sh 4 0
# FILE 1529361391314536 t_6088a657.sh 4 0
1529361391314562 8 2 11 2 11 8 0 0 21
# FILE 1529363337304326 builder_ad31b7944bc79630b5eb135905c16f3979eff755.log 2 34784
# FILE 1529363337305952 mf.3 2 7
# FILE 1529363337308068 t_c214b247.sh 4 0
# FILE 1529363337310140 t_19578e6e.sh 4 0
1529363337310166 2 2 17 2 10 9 0 0 21
# FILE 1529363485257574 builder_7ca5fe2103f4821fc749683209b2ef1532119025.log 2 34002
# FILE 1529363485259157 mf.1 2 7
# FILE 1529363485262482 t_11e69322.sh 4 0
# FILE 1529363485265541 t_0a669c7f.sh 4 0
1529363485265568 0 2 19 2 9 10 0 0 21
# FILE 1529363584180099 builder_16404398d76c1a12b3d1628f903cc32d6a94a5c1.log 2 34324
# FILE 1529363584181582 mf.4 2 7
# FILE 1529363584184181 t_20637cac.sh 4 0
# FILE 1529363584186710 t_adcad737.sh 4 0
1529363584186736 3 2 16 2 8 11 0 0 21
# FILE 1529364546892345 builder_18c05773cb3777596ccfc606803302fc6b0f7747.log 2 34738
# FILE 1529364546893913 mf.15 2 7
# FILE 1529364546896317 t_c4ebdab1.sh 4 0
# FILE 1529364546898390 t_6e976144.sh 4 0
1529364546898416 14 2 5 2 7 12 0 0 21
# FILE 1529364794607026 builder_384631348b508c41b38c1b9d94d57f742105c409.log 2 34002
# FILE 1529364794608570 mf.7 2 7
# FILE 1529364794610731 t_e47ffd24.sh 4 0
# FILE 1529364794612935 t_a2cc465e.sh 4 0
1529364794612961 6 2 13 2 6 13 0 0 21
# FILE 1529365038508017 builder_7151b8a578cafe33d080fde8a6e80a79baa092a5.log 2 34324
# FILE 1529365038509539 mf.8 2 7
# FILE 1529365038511581 t_3b9632e4.sh 4 0
# FILE 1529365038513697 t_dcb29d7a.sh 4 0
1529365038513723 7 2 12 2 5 14 0 0 21
# FILE 1529365754938660 builder_d0e896d6da5192d79ee089d0263efeb603834646.log 2 34784
# FILE 1529365754940193 mf.5 2 7
# FILE 1529365754943092 t_368f6980.sh 4 0
# FILE 1529365754946839 t_c5521cee.sh 4 0
1529365754946865 4 2 15 2 4 15 0 0 21
# FILE 1529366115277402 builder_ed12bb046350378640bc2a7cf1a32469bd714855.log 2 34002
# FILE 1529366115279027 mf.6 2 7
# FILE 1529366115281127 t_15ca77d4.sh 4 0
# FILE 1529366115283095 t_a694a013.sh 4 0
1529366115283122 5 2 14 2 3 16 0 0 21
# FILE 1529366501650372 builder_bad43b1a228c5af74c522f857f88229f64eedcca.log 2 34278
# FILE 1529366501651923 mf.13 2 7
# FILE 1529366501654641 t_baecf497.sh 4 0
# FILE 1529366501657218 t_44e3debf.sh 4 0
1529366501657244 12 2 7 2 2 17 0 0 21
# FILE 1529366970491851 builder_ebb05fd9dd51e04b7f84d6b2b0bedcb9dec7fedb.log 2 34738
# FILE 1529366970494427 mf.17 2 7
# FILE 1529366970496624 t_23b42520.sh 4 0
# FILE 1529366970499731 t_73a7fc7a.sh 4 0
1529366970499757 16 2 3 2 1 18 0 0 21
# FILE 1529367538693624 builder_9e0102deaf4dbbcccdfe0375a22ffc80b6f7a549.log 2 34145
# FILE 1529367538695286 mf.2 2 7
# FILE 1529367538698166 t_7e5cfc38.sh 4 0
# FILE 1529367538701111 t_f246a96e.sh 4 0
1529367538701137 1 2 18 2 0 19 0 0 21
# FILE 1529367538713771 mf.1 2 7
# FILE 1529367538713795 mf.10 2 7
# FILE 1529367538713816 mf.11 2 7
# FILE 1529367538713836 mf.12 2 7
# FILE 1529367538713855 mf.13 2 7
# FILE 1529367538713876 mf.14 2 7
# FILE 1529367538713896 mf.15 2 7
# FILE 1529367538713915 mf.16 2 7
# FILE 1529367538713935 mf.17 2 7
# FILE 1529367538713954 mf.18 2 7
# FILE 1529367538713974 mf.19 2 7
# FILE 1529367538713993 mf.2 2 7
# FILE 1529367538714013 mf.3 2 7
# FILE 1529367538714032 mf.4 2 7
# FILE 1529367538714052 mf.5 2 7
# FILE 1529367538714083 mf.6 2 7
# FILE 1529367538714104 mf.7 2 7
# FILE 1529367538714123 mf.8 2 7
# FILE 1529367538714143 mf.9 2 7
# FILE 1529367538714176 t_a51cedb2.sh 2 0
# FILE 1529367538714209 t_18322639.sh 2 0
# FILE 1529367538714230 builder_2b61dc88c42ead018072ee7c801ce598a4670363.log 1 0
# FILE 1529367538714250 output 1 1073741824
1529367538714614 19 1 20 1 1 19 0 0 21
# FILE 1529368869846774 builder_2b61dc88c42ead018072ee7c801ce598a4670363.log 2 34002
# FILE 1529368869849164 output 2 0
# FILE 1529368869849189 mf.1 3 7
# FILE 1529368869849212 mf.10 3 7
# FILE 1529368869849233 mf.11 3 7
# FILE 1529368869849254 mf.12 3 7
# FILE 1529368869849275 mf.13 3 7
# FILE 1529368869849297 mf.14 3 7
# FILE 1529368869849318 mf.15 3 7
# FILE 1529368869849338 mf.16 3 7
# FILE 1529368869849359 mf.17 3 7
# FILE 1529368869849380 mf.18 3 7
# FILE 1529368869849401 mf.19 3 7
# FILE 1529368869849422 mf.2 3 7
# FILE 1529368869849443 mf.3 3 7
# FILE 1529368869849463 mf.4 3 7
# FILE 1529368869849484 mf.5 3 7
# FILE 1529368869849505 mf.6 3 7
# FILE 1529368869849526 mf.7 3 7
# FILE 1529368869849547 mf.8 3 7
# FILE 1529368869849568 mf.9 3 7
# FILE 1529368869852832 t_a51cedb2.sh 4 0
# FILE 1529368869855708 t_18322639.sh 4 0
1529368869855734 19 2 20 1 0 20 0 0 21
# FILE 1529368869858395 mf.11 4 1073741824
# FILE 1529368869860920 mf.15 4 1073741824
# FILE 1529368869863835 mf.7 4 1073741824
# FILE 1529368869866560 mf.18 4 1073741824
# FILE 1529368869869076 mf.5 4 1073741824
# FILE 1529368869871732 mf.12 4 1073741824
# FILE 1529368869874096 mf.13 4 1073741824
# FILE 1529368869876248 mf.10 4 1073741824
# FILE 1529368869878413 mf.6 4 1073741824
# FILE 1529368869881971 mf.1 4 1073741824
# FILE 1529368869883803 mf.17 4 1073741824
# FILE 1529368869885587 mf.2 4 1073741824
# FILE 1529368869887381 mf.19 4 1073741824
# FILE 1529368869889639 mf.9 4 1073741824
# FILE 1529368869891790 mf.4 4 1073741824
# FILE 1529368869893579 mf.14 4 1073741824
# FILE 1529368869895327 mf.8 4 1073741824
# FILE 1529368869897095 mf.16 4 1073741824
# FILE 1529368869898866 mf.3 4 1073741824
# FILE 1529368869907479 output 2 0
# FILE 1529368869907505 t_eaea96a2.sh 2 0
# FILE 1529368869907538 t_fdc7e6fc.sh 2 0
# FILE 1529368869907559 builder_bdbe7c7e626452d00107ea4865f429c59ac00c29.log 1 0
# FILE 1529368869907579 mf_20 1 1073741824
1529368869907793 20 1 21 0 1 20 0 0 21
# FILE 1529370199622227 builder_bdbe7c7e626452d00107ea4865f429c59ac00c29.log 2 34002
# FILE 1529370199624126 mf_20 2 0
# FILE 1529370199624166 output 3 0
# FILE 1529370199627833 t_eaea96a2.sh 4 0
# FILE 1529370199630459 t_fdc7e6fc.sh 4 0
1529370199630485 20 2 21 0 0 21 0 0 21
# FILE 1529370199633098 output 4 1073741824
# COMPLETED 1529370199633245
