# FILE 1529305701520442 wq_16.log 1 0
# FILE 1529305701521343 wq_16.log.tr 1 0
# STARTED 1529305701521373
# FILE 1529305702225142 t_53c8aa18.sh 2 0
# FILE 1529305702225185 t_712fc020.sh 2 0
# FILE 1529305702225205 builder_cf1c1db3da117ca33a861cd3090ac007ddee9f1f.log 1 0
# FILE 1529305702225226 mf.15 1 1073741824
1529305702225415 14 1 1 16 1 0 0 0 17
# FILE 1529305702233930 t_0852cb41.sh 2 0
# FILE 1529305702233966 t_d940f118.sh 2 0
# FILE 1529305702233994 builder_101b4024ab094380accf7fb97220620640372dd5.log 1 0
# FILE 1529305702234017 mf.14 1 1073741824
1529305702234158 13 1 2 15 2 0 0 0 17
# FILE 1529305702243015 t_de764129.sh 2 0
# FILE 1529305702243050 t_ec55af8a.sh 2 0
# FILE 1529305702243069 builder_db9f5eea88f661ab07605bdee8850059954427ac.log 1 0
# FILE 1529305702243089 mf.13 1 1073741824
1529305702243227 12 1 3 14 3 0 0 0 17
# FILE 1529305702252113 t_226a5633.sh 2 0
# FILE 1529305702252148 t_6bdd141b.sh 2 0
# FILE 1529305702252168 builder_d4c1926b6c33ac491d053ef56cb42b54360f212e.log 1 0
# FILE 1529305702252187 mf.12 1 1073741824
1529305702252325 11 1 4 13 4 0 0 0 17
# FILE 1529305702260990 t_af8ced12.sh 2 0
# FILE 1529305702261027 t_af33377e.sh 2 0
# FILE 1529305702261047 builder_f70a7bcf3e7164275d5dd31d5dd00c8e69fe075c.log 1 0
# FILE 1529305702261066 mf.11 1 1073741824
1529305702261207 10 1 5 12 5 0 0 0 17
# FILE 1529305702272773 t_a7de41a9.sh 2 0
# FILE 1529305702272808 t_7137bb4d.sh 2 0
# FILE 1529305702272828 builder_254a1d14fdd647f6d309dc674671d775b53edefa.log 1 0
# FILE 1529305702272848 mf.10 1 1073741824
1529305702273018 9 1 6 11 6 0 0 0 17
# FILE 1529305702281601 t_7ecbd678.sh 2 0
# FILE 1529305702281636 t_af81e151.sh 2 0
# FILE 1529305702281655 builder_27540874b9aff75184ae69b89473ddec8f01a1ef.log 1 0
# FILE 1529305702281675 mf.9 1 1073741824
1529305702281818 8 1 7 10 7 0 0 0 17
# FILE 1529305702290436 t_3889bc5c.sh 2 0
# FILE 1529305702290482 t_2e5ae3f2.sh 2 0
# FILE 1529305702290502 builder_05a3131e79f2b736ed5dfa145afa9f29916fb8a8.log 1 0
# FILE 1529305702290521 mf.8 1 1073741824
1529305702290668 7 1 8 9 8 0 0 0 17
# FILE 1529305702299292 t_4e19008e.sh 2 0
# FILE 1529305702299327 t_45444b02.sh 2 0
# FILE 1529305702299346 builder_6fd375c1a581c0ad4c147e4c1c6fc8c7605ad62b.log 1 0
# FILE 1529305702299366 mf.7 1 1073741824
1529305702299513 6 1 9 8 9 0 0 0 17
# FILE 1529305702308660 t_fe03d424.sh 2 0
# FILE 1529305702308695 t_d5740188.sh 2 0
# FILE 1529305702308725 builder_8e1c05f17833722ec7d4e5c6809d576342e530c8.log 1 0
# FILE 1529305702308745 mf.6 1 1073741824
1529305702308893 5 1 10 7 10 0 0 0 17
# FILE 1529305702317442 t_0e990809.sh 2 0
# FILE 1529305702317479 t_103c02f8.sh 2 0
# FILE 1529305702317499 builder_edf21a69256c0ec0f60ca20f87a45ee37749d427.log 1 0
# FILE 1529305702317521 mf.5 1 1073741824
1529305702317677 4 1 11 6 11 0 0 0 17
# FILE 1529305702326607 t_4b290ac7.sh 2 0
# FILE 1529305702326642 t_cc674adb.sh 2 0
# FILE 1529305702326662 builder_8fb385108d84677263159d10bf70409d847ea300.log 1 0
# FILE 1529305702326693 mf.4 1 1073741824
1529305702326846 3 1 12 5 12 0 0 0 17
# FILE 1529305702335371 t_009b87b2.sh 2 0
# FILE 1529305702335406 t_3d3f7d6b.sh 2 0
# FILE 1529305702335426 builder_37edeaa6f33966154d38affc9a04365a19dc8835.log 1 0
# FILE 1529305702335446 mf.3 1 1073741824
1529305702335596 2 1 13 4 13 0 0 0 17
# FILE 1529305702344192 t_3621f321.sh 2 0
# FILE 1529305702344228 t_90ecb9f5.sh 2 0
# FILE 1529305702344248 builder_eeec16295e7cebc33e2f101726776821532fa38d.log 1 0
# FILE 1529305702344267 mf.2 1 1073741824
1529305702344433 1 1 14 3 14 0 0 0 17
# FILE 1529305702353074 t_0a961fb4.sh 2 0
# FILE 1529305702353120 t_56814664.sh 2 0
# FILE 1529305702353140 builder_95f566d2ef6b98d268d2433efd37d1bf95df5867.log 1 0
# FILE 1529305702353160 mf.1 1 1073741824
1529305702353316 0 1 15 2 15 0 0 0 17
# FILE 1529305710260542 makeflow.failed.14 3 0
# FILE 1529305710262523 t_53c8aa18.sh 4 0
# FILE 1529305710263684 t_712fc020.sh 4 0
# FILE 1529305710264733 builder_cf1c1db3da117ca33a861cd3090ac007ddee9f1f.log 4 0
1529305710264812 14 3 1 2 14 0 1 0 17
1529305710264866 14 0 1 3 14 0 0 0 17
# FILE 1529305710273904 t_53c8aa18.sh 2 0
# FILE 1529305710273957 t_712fc020.sh 2 0
# FILE 1529305710273979 builder_cf1c1db3da117ca33a861cd3090ac007ddee9f1f.log 1 0
# FILE 1529305710274001 mf.15 1 1073741824
1529305710274227 14 1 16 2 15 0 0 0 17
# FILE 1529305711423872 makeflow.failed.13 3 0
# FILE 1529305711425830 t_0852cb41.sh 4 0
# FILE 1529305711426888 t_d940f118.sh 4 0
# FILE 1529305711427916 builder_101b4024ab094380accf7fb97220620640372dd5.log 4 0
1529305711428002 13 3 2 2 14 0 1 0 17
1529305711428053 13 0 2 3 14 0 0 0 17
# FILE 1529305711437286 t_0852cb41.sh 2 0
# FILE 1529305711437323 t_d940f118.sh 2 0
# FILE 1529305711437343 builder_101b4024ab094380accf7fb97220620640372dd5.log 1 0
# FILE 1529305711437363 mf.14 1 1073741824
1529305711437575 13 1 17 2 15 0 0 0 17
# FILE 1529305712338632 makeflow.failed.12 3 0
# FILE 1529305712340572 t_de764129.sh 4 0
# FILE 1529305712341580 t_ec55af8a.sh 4 0
# FILE 1529305712342628 builder_db9f5eea88f661ab07605bdee8850059954427ac.log 4 0
1529305712342703 12 3 3 2 14 0 1 0 17
1529305712342754 12 0 3 3 14 0 0 0 17
# FILE 1529305712351622 t_de764129.sh 2 0
# FILE 1529305712351657 t_ec55af8a.sh 2 0
# FILE 1529305712351677 builder_db9f5eea88f661ab07605bdee8850059954427ac.log 1 0
# FILE 1529305712351696 mf.13 1 1073741824
1529305712351901 12 1 18 2 15 0 0 0 17
# FILE 1529305713254427 makeflow.failed.11 3 0
# FILE 1529305713256343 t_226a5633.sh 4 0
# FILE 1529305713257376 t_6bdd141b.sh 4 0
# FILE 1529305713258429 builder_d4c1926b6c33ac491d053ef56cb42b54360f212e.log 4 0
1529305713258506 11 3 4 2 14 0 1 0 17
1529305713258557 11 0 4 3 14 0 0 0 17
# FILE 1529305713267537 t_226a5633.sh 2 0
# FILE 1529305713267571 t_6bdd141b.sh 2 0
# FILE 1529305713267591 builder_d4c1926b6c33ac491d053ef56cb42b54360f212e.log 1 0
# FILE 1529305713267610 mf.12 1 1073741824
1529305713267813 11 1 19 2 15 0 0 0 17
# FILE 1529305714342455 makeflow.failed.10 3 0
# FILE 1529305714344434 t_af8ced12.sh 4 0
# FILE 1529305714345476 t_af33377e.sh 4 0
# FILE 1529305714346544 builder_f70a7bcf3e7164275d5dd31d5dd00c8e69fe075c.log 4 0
1529305714346619 10 3 5 2 14 0 1 0 17
1529305714346671 10 0 5 3 14 0 0 0 17
1529305714346832 9 4 6 3 13 0 0 1 17
1529305714346868 8 4 7 3 12 0 0 2 17
1529305714346906 7 4 8 3 11 0 0 3 17
1529305714346942 6 4 9 3 10 0 0 4 17
1529305714347005 5 4 10 3 9 0 0 5 17
1529305714347051 4 4 11 3 8 0 0 6 17
1529305714347089 3 4 12 3 7 0 0 7 17
1529305714347126 2 4 13 3 6 0 0 8 17
1529305714347163 1 4 14 3 5 0 0 9 17
1529305714347199 0 4 15 3 4 0 0 10 17
1529305714347236 14 4 16 3 3 0 0 11 17
1529305714347273 13 4 17 3 2 0 0 12 17
1529305714347310 12 4 18 3 1 0 0 13 17
1529305714347347 11 4 19 3 0 0 0 14 17
# ABORTED 1529305714347367
1529305765845682 16 0 0 3 0 0 0 14 17
1529305765847253 15 0 0 3 0 0 0 14 17
1529305765847302 14 0 16 4 0 0 0 13 17
1529305765847346 13 0 17 5 0 0 0 12 17
1529305765847385 12 0 18 6 0 0 0 11 17
1529305765847429 11 0 19 7 0 0 0 10 17
1529305765847468 10 0 5 7 0 0 0 10 17
1529305765847510 9 0 6 8 0 0 0 9 17
1529305765847553 8 0 7 9 0 0 0 8 17
1529305765847592 7 0 8 10 0 0 0 7 17
1529305765847634 6 0 9 11 0 0 0 6 17
1529305765847673 5 0 10 12 0 0 0 5 17
1529305765847716 4 0 11 13 0 0 0 4 17
1529305765847755 3 0 12 14 0 0 0 3 17
1529305765847798 2 0 13 15 0 0 0 2 17
1529305765847838 1 0 14 16 0 0 0 1 17
1529305765847880 0 0 15 17 0 0 0 0 17
# FILE 1529305765847911 wq_16.log 1 0
# FILE 1529305765847933 wq_16.log.tr 1 0
# STARTED 1529305765847961
# FILE 1529305766549966 t_53c8aa18.sh 2 0
# FILE 1529305766550012 t_452e878f.sh 2 0
# FILE 1529305766550034 builder_cf1c1db3da117ca33a861cd3090ac007ddee9f1f.log 1 0
# FILE 1529305766550067 mf.15 1 1073741824
1529305766550287 14 1 1 16 1 0 0 0 17
# FILE 1529305766554991 t_0852cb41.sh 2 0
# FILE 1529305766555030 t_ca8eec13.sh 2 0
# FILE 1529305766555051 builder_101b4024ab094380accf7fb97220620640372dd5.log 1 0
# FILE 1529305766555072 mf.14 1 1073741824
1529305766555214 13 1 2 15 2 0 0 0 17
# FILE 1529305766560124 t_de764129.sh 2 0
# FILE 1529305766560161 t_b605b176.sh 2 0
# FILE 1529305766560182 builder_db9f5eea88f661ab07605bdee8850059954427ac.log 1 0
# FILE 1529305766560203 mf.13 1 1073741824
1529305766560373 12 1 3 14 3 0 0 0 17
# FILE 1529305766565150 t_226a5633.sh 2 0
# FILE 1529305766565186 t_8a3f4e85.sh 2 0
# FILE 1529305766565207 builder_d4c1926b6c33ac491d053ef56cb42b54360f212e.log 1 0
# FILE 1529305766565234 mf.12 1 1073741824
1529305766565374 11 1 4 13 4 0 0 0 17
# FILE 1529305766573974 t_af8ced12.sh 2 0
# FILE 1529305766574013 t_6521f665.sh 2 0
# FILE 1529305766574034 builder_f70a7bcf3e7164275d5dd31d5dd00c8e69fe075c.log 1 0
# FILE 1529305766574054 mf.11 1 1073741824
1529305766574212 10 1 5 12 5 0 0 0 17
# FILE 1529305766578988 t_a7de41a9.sh 2 0
# FILE 1529305766579024 t_ff43cfbf.sh 2 0
# FILE 1529305766579045 builder_254a1d14fdd647f6d309dc674671d775b53edefa.log 1 0
# FILE 1529305766579065 mf.10 1 1073741824
1529305766579209 9 1 6 11 6 0 0 0 17
# FILE 1529305766584409 t_7ecbd678.sh 2 0
# FILE 1529305766584446 t_4015831c.sh 2 0
# FILE 1529305766584466 builder_27540874b9aff75184ae69b89473ddec8f01a1ef.log 1 0
# FILE 1529305766584486 mf.9 1 1073741824
1529305766584630 8 1 7 10 7 0 0 0 17
# FILE 1529305766589428 t_3889bc5c.sh 2 0
# FILE 1529305766589462 t_6a08e443.sh 2 0
# FILE 1529305766589482 builder_05a3131e79f2b736ed5dfa145afa9f29916fb8a8.log 1 0
# FILE 1529305766589502 mf.8 1 1073741824
1529305766589650 7 1 8 9 8 0 0 0 17
# FILE 1529305766594469 t_4e19008e.sh 2 0
# FILE 1529305766594504 t_de04b1e5.sh 2 0
# FILE 1529305766594524 builder_6fd375c1a581c0ad4c147e4c1c6fc8c7605ad62b.log 1 0
# FILE 1529305766594543 mf.7 1 1073741824
1529305766594691 6 1 9 8 9 0 0 0 17
# FILE 1529305766599429 t_fe03d424.sh 2 0
# FILE 1529305766599464 t_65fb3ca1.sh 2 0
# FILE 1529305766599484 builder_8e1c05f17833722ec7d4e5c6809d576342e530c8.log 1 0
# FILE 1529305766599504 mf.6 1 1073741824
1529305766599652 5 1 10 7 10 0 0 0 17
# FILE 1529305766604439 t_0e990809.sh 2 0
# FILE 1529305766604474 t_7f8613af.sh 2 0
# FILE 1529305766604494 builder_edf21a69256c0ec0f60ca20f87a45ee37749d427.log 1 0
# FILE 1529305766604514 mf.5 1 1073741824
1529305766604665 4 1 11 6 11 0 0 0 17
# FILE 1529305766609539 t_4b290ac7.sh 2 0
# FILE 1529305766609574 t_b6a29581.sh 2 0
# FILE 1529305766609595 builder_8fb385108d84677263159d10bf70409d847ea300.log 1 0
# FILE 1529305766609615 mf.4 1 1073741824
1529305766609766 3 1 12 5 12 0 0 0 17
# FILE 1529305766614882 t_009b87b2.sh 2 0
# FILE 1529305766614917 t_d54b943e.sh 2 0
# FILE 1529305766614937 builder_37edeaa6f33966154d38affc9a04365a19dc8835.log 1 0
# FILE 1529305766614956 mf.3 1 1073741824
1529305766615109 2 1 13 4 13 0 0 0 17
# FILE 1529305766620118 t_3621f321.sh 2 0
# FILE 1529305766620153 t_bf58d4d9.sh 2 0
# FILE 1529305766620173 builder_eeec16295e7cebc33e2f101726776821532fa38d.log 1 0
# FILE 1529305766620193 mf.2 1 1073741824
1529305766620358 1 1 14 3 14 0 0 0 17
# FILE 1529305766625017 t_0a961fb4.sh 2 0
# FILE 1529305766625053 t_09830a16.sh 2 0
# FILE 1529305766625074 builder_95f566d2ef6b98d268d2433efd37d1bf95df5867.log 1 0
# FILE 1529305766625094 mf.1 1 1073741824
1529305766625258 0 1 15 2 15 0 0 0 17
# FILE 1529306633821151 makeflow.failed.14 4 0
# FILE 1529306633825810 makeflow.failed.14 3 0
# FILE 1529306633827788 t_53c8aa18.sh 4 0
# FILE 1529306633828797 t_452e878f.sh 4 0
# FILE 1529306633829938 builder_cf1c1db3da117ca33a861cd3090ac007ddee9f1f.log 4 0
1529306633830028 14 3 1 2 14 0 1 0 17
1529306633830084 14 0 1 3 14 0 0 0 17
# FILE 1529306633838321 t_53c8aa18.sh 2 0
# FILE 1529306633838360 t_452e878f.sh 2 0
# FILE 1529306633838382 builder_cf1c1db3da117ca33a861cd3090ac007ddee9f1f.log 1 0
# FILE 1529306633838402 mf.15 1 1073741824
1529306633838622 14 1 16 2 15 0 0 0 17
1529307393973738 13 4 2 2 14 0 0 1 17
1529307393976496 12 4 3 2 13 0 0 2 17
1529307393976540 11 4 4 2 12 0 0 3 17
1529307393976579 10 4 5 2 11 0 0 4 17
1529307393976618 9 4 6 2 10 0 0 5 17
1529307393976655 8 4 7 2 9 0 0 6 17
1529307393976692 7 4 8 2 8 0 0 7 17
1529307393976730 6 4 9 2 7 0 0 8 17
1529307393976768 5 4 10 2 6 0 0 9 17
1529307393976805 4 4 11 2 5 0 0 10 17
1529307393976842 3 4 12 2 4 0 0 11 17
1529307393976879 2 4 13 2 3 0 0 12 17
1529307393976916 1 4 14 2 2 0 0 13 17
1529307393976953 0 4 15 2 1 0 0 14 17
1529307393977036 14 4 16 2 0 0 0 15 17
# ABORTED 1529307393977066
1529307431964058 16 0 0 2 0 0 0 15 17
1529307431966145 15 0 0 2 0 0 0 15 17
1529307431966189 14 0 16 3 0 0 0 14 17
1529307431966233 13 0 2 4 0 0 0 13 17
1529307431966276 12 0 3 5 0 0 0 12 17
1529307431966316 11 0 4 6 0 0 0 11 17
1529307431966358 10 0 5 7 0 0 0 10 17
1529307431966396 9 0 6 8 0 0 0 9 17
1529307431966439 8 0 7 9 0 0 0 8 17
1529307431966477 7 0 8 10 0 0 0 7 17
1529307431966519 6 0 9 11 0 0 0 6 17
1529307431966557 5 0 10 12 0 0 0 5 17
1529307431966601 4 0 11 13 0 0 0 4 17
1529307431966639 3 0 12 14 0 0 0 3 17
1529307431966682 2 0 13 15 0 0 0 2 17
1529307431966721 1 0 14 16 0 0 0 1 17
1529307431966763 0 0 15 17 0 0 0 0 17
# FILE 1529307431966794 wq_16.log 1 0
# FILE 1529307431966815 wq_16.log.tr 1 0
# STARTED 1529307431966844
# FILE 1529307432670172 t_c4ebdab1.sh 2 0
# FILE 1529307432670214 t_6e976144.sh 2 0
# FILE 1529307432670235 builder_18c05773cb3777596ccfc606803302fc6b0f7747.log 1 0
# FILE 1529307432670256 mf.15 1 1073741824
1529307432670441 14 1 1 16 1 0 0 0 17
# FILE 1529307432680890 t_00828181.sh 2 0
# FILE 1529307432680927 t_fd95f453.sh 2 0
# FILE 1529307432680948 builder_ac57f3ba4c087cbd5f2a894af2400896d7ddabd8.log 1 0
# FILE 1529307432680968 mf.14 1 1073741824
1529307432681123 13 1 2 15 2 0 0 0 17
# FILE 1529307432690289 t_baecf497.sh 2 0
# FILE 1529307432690325 t_44e3debf.sh 2 0
# FILE 1529307432690346 builder_bad43b1a228c5af74c522f857f88229f64eedcca.log 1 0
# FILE 1529307432690366 mf.13 1 1073741824
1529307432690505 12 1 3 14 3 0 0 0 17
# FILE 1529307432699354 t_4beec639.sh 2 0
# FILE 1529307432699391 t_75286dcb.sh 2 0
# FILE 1529307432699411 builder_ff085484a0f444931a2ee24bdfc08fe6956e6787.log 1 0
# FILE 1529307432699432 mf.12 1 1073741824
1529307432699570 11 1 4 13 4 0 0 0 17
# FILE 1529307432707893 t_c4b3cf41.sh 2 0
# FILE 1529307432707930 t_96f5ece8.sh 2 0
# FILE 1529307432707951 builder_209320b29e533cd8de13ee1654cd55489544ca8c.log 1 0
# FILE 1529307432707972 mf.11 1 1073741824
1529307432708123 10 1 5 12 5 0 0 0 17
# FILE 1529307432716369 t_087d81d5.sh 2 0
# FILE 1529307432716404 t_e92be137.sh 2 0
# FILE 1529307432716425 builder_850b0fa68f05c035ad7a2bca3f7d73c620e193ab.log 1 0
# FILE 1529307432716446 mf.10 1 1073741824
1529307432716588 9 1 6 11 6 0 0 0 17
# FILE 1529307432724967 t_233d6371.sh 2 0
# FILE 1529307432725027 t_6088a657.sh 2 0
# FILE 1529307432725051 builder_3c9d44a63136fead5da69251fb9f3f6d0c4108cb.log 1 0
# FILE 1529307432725071 mf.9 1 1073741824
1529307432725213 8 1 7 10 7 0 0 0 17
# FILE 1529307432733460 t_3b9632e4.sh 2 0
# FILE 1529307432733496 t_dcb29d7a.sh 2 0
# FILE 1529307432733516 builder_7151b8a578cafe33d080fde8a6e80a79baa092a5.log 1 0
# FILE 1529307432733536 mf.8 1 1073741824
1529307432733682 7 1 8 9 8 0 0 0 17
# FILE 1529307432742021 t_e47ffd24.sh 2 0
# FILE 1529307432742057 t_a2cc465e.sh 2 0
# FILE 1529307432742088 builder_384631348b508c41b38c1b9d94d57f742105c409.log 1 0
# FILE 1529307432742110 mf.7 1 1073741824
1529307432742258 6 1 9 8 9 0 0 0 17
# FILE 1529307432751619 t_15ca77d4.sh 2 0
# FILE 1529307432751656 t_a694a013.sh 2 0
# FILE 1529307432751676 builder_ed12bb046350378640bc2a7cf1a32469bd714855.log 1 0
# FILE 1529307432751697 mf.6 1 1073741824
1529307432751844 5 1 10 7 10 0 0 0 17
# FILE 1529307432760058 t_368f6980.sh 2 0
# FILE 1529307432760094 t_c5521cee.sh 2 0
# FILE 1529307432760114 builder_d0e896d6da5192d79ee089d0263efeb603834646.log 1 0
# FILE 1529307432760146 mf.5 1 1073741824
1529307432760299 4 1 11 6 11 0 0 0 17
# FILE 1529307432768429 t_20637cac.sh 2 0
# FILE 1529307432768464 t_adcad737.sh 2 0
# FILE 1529307432768485 builder_16404398d76c1a12b3d1628f903cc32d6a94a5c1.log 1 0
# FILE 1529307432768505 mf.4 1 1073741824
1529307432768656 3 1 12 5 12 0 0 0 17
# FILE 1529307432776988 t_c214b247.sh 2 0
# FILE 1529307432777026 t_19578e6e.sh 2 0
# FILE 1529307432777047 builder_ad31b7944bc79630b5eb135905c16f3979eff755.log 1 0
# FILE 1529307432777067 mf.3 1 1073741824
1529307432777227 2 1 13 4 13 0 0 0 17
# FILE 1529307432785479 t_7e5cfc38.sh 2 0
# FILE 1529307432785515 t_f246a96e.sh 2 0
# FILE 1529307432785536 builder_9e0102deaf4dbbcccdfe0375a22ffc80b6f7a549.log 1 0
# FILE 1529307432785573 mf.2 1 1073741824
1529307432785728 1 1 14 3 14 0 0 0 17
# FILE 1529307432795042 t_11e69322.sh 2 0
# FILE 1529307432795077 t_0a669c7f.sh 2 0
# FILE 1529307432795097 builder_7ca5fe2103f4821fc749683209b2ef1532119025.log 1 0
# FILE 1529307432795117 mf.1 1 1073741824
1529307432795284 0 1 15 2 15 0 0 0 17
# FILE 1529308885146878 builder_bad43b1a228c5af74c522f857f88229f64eedcca.log 2 33956
# FILE 1529308885148931 mf.13 2 7
# FILE 1529308885157145 makeflow.failed.12 4 0
# FILE 1529308885158964 t_baecf497.sh 4 0
# FILE 1529308885160790 t_44e3debf.sh 4 0
1529308885160817 12 2 3 2 14 1 0 0 17
# FILE 1529309327210235 builder_ac57f3ba4c087cbd5f2a894af2400896d7ddabd8.log 2 33588
# FILE 1529309327212329 mf.14 2 7
# FILE 1529309327220058 makeflow.failed.13 4 0
# FILE 1529309327221837 t_00828181.sh 4 0
# FILE 1529309327223584 t_fd95f453.sh 4 0
1529309327223610 13 2 2 2 13 2 0 0 17
# FILE 1529309369896193 builder_209320b29e533cd8de13ee1654cd55489544ca8c.log 2 33956
# FILE 1529309369896237 mf.11 2 7
# FILE 1529309369903645 makeflow.failed.10 4 0
# FILE 1529309369905462 t_c4b3cf41.sh 4 0
# FILE 1529309369907273 t_96f5ece8.sh 4 0
1529309369907299 10 2 5 2 12 3 0 0 17
# FILE 1529310244779090 builder_3c9d44a63136fead5da69251fb9f3f6d0c4108cb.log 2 33956
# FILE 1529310244781205 mf.9 2 7
# FILE 1529310244783234 t_233d6371.sh 4 0
# FILE 1529310244788656 t_6088a657.sh 4 0
1529310244788682 8 2 7 2 11 4 0 0 17
# FILE 1529310739467567 builder_ed12bb046350378640bc2a7cf1a32469bd714855.log 2 34002
# FILE 1529310739469545 mf.6 2 7
# FILE 1529310739471478 t_15ca77d4.sh 4 0
# FILE 1529310739474298 t_a694a013.sh 4 0
1529310739474324 5 2 10 2 10 5 0 0 17
# FILE 1529311146336382 builder_7151b8a578cafe33d080fde8a6e80a79baa092a5.log 2 33588
# FILE 1529311146338362 mf.8 2 7
# FILE 1529311146343013 t_3b9632e4.sh 4 0
# FILE 1529311146344887 t_dcb29d7a.sh 4 0
1529311146344914 7 2 8 2 9 6 0 0 17
# FILE 1529311604807999 builder_d0e896d6da5192d79ee089d0263efeb603834646.log 2 34002
# FILE 1529311604810007 mf.5 2 7
# FILE 1529311604812088 t_368f6980.sh 4 0
# FILE 1529311604813862 t_c5521cee.sh 4 0
1529311604813889 4 2 11 2 8 7 0 0 17
# FILE 1529312089445371 builder_16404398d76c1a12b3d1628f903cc32d6a94a5c1.log 2 34002
# FILE 1529312089447355 mf.4 2 7
# FILE 1529312089449582 t_20637cac.sh 4 0
# FILE 1529312089451423 t_adcad737.sh 4 0
1529312089451450 3 2 12 2 7 8 0 0 17
# FILE 1529312882665340 builder_ff085484a0f444931a2ee24bdfc08fe6956e6787.log 2 34099
# FILE 1529312882667375 mf.12 2 7
# FILE 1529312882675845 makeflow.failed.11 4 0
# FILE 1529312882677805 t_4beec639.sh 4 0
# FILE 1529312882679700 t_75286dcb.sh 4 0
1529312882679727 11 2 4 2 6 9 0 0 17
# FILE 1529312936269349 builder_9e0102deaf4dbbcccdfe0375a22ffc80b6f7a549.log 2 33634
# FILE 1529312936269392 mf.2 2 7
# FILE 1529312936271529 t_7e5cfc38.sh 4 0
# FILE 1529312936273336 t_f246a96e.sh 4 0
1529312936273362 1 2 14 2 5 10 0 0 17
# FILE 1529312953760678 builder_7ca5fe2103f4821fc749683209b2ef1532119025.log 2 34002
# FILE 1529312953762668 mf.1 2 7
# FILE 1529312953764612 t_11e69322.sh 4 0
# FILE 1529312953766567 t_0a669c7f.sh 4 0
1529312953766594 0 2 15 2 4 11 0 0 17
# FILE 1529313475328233 builder_18c05773cb3777596ccfc606803302fc6b0f7747.log 2 33956
# FILE 1529313475330275 mf.15 2 7
# FILE 1529313475338926 makeflow.failed.14 4 0
# FILE 1529313475341992 t_c4ebdab1.sh 4 0
# FILE 1529313475343963 t_6e976144.sh 4 0
1529313475344001 14 2 1 2 3 12 0 0 17
# FILE 1529314318061551 builder_ad31b7944bc79630b5eb135905c16f3979eff755.log 2 34002
# FILE 1529314318063594 mf.3 2 7
# FILE 1529314318065872 t_c214b247.sh 4 0
# FILE 1529314318067758 t_19578e6e.sh 4 0
1529314318067785 2 2 13 2 2 13 0 0 17
# FILE 1529314712981284 builder_384631348b508c41b38c1b9d94d57f742105c409.log 2 33588
# FILE 1529314712983241 mf.7 2 7
# FILE 1529314712985201 t_e47ffd24.sh 4 0
# FILE 1529314712987096 t_a2cc465e.sh 4 0
1529314712987122 6 2 9 2 1 14 0 0 17
# FILE 1529314861525882 builder_850b0fa68f05c035ad7a2bca3f7d73c620e193ab.log 2 33956
# FILE 1529314861527873 mf.10 2 7
# FILE 1529314861530566 t_087d81d5.sh 4 0
# FILE 1529314861532498 t_e92be137.sh 4 0
1529314861532524 9 2 6 2 0 15 0 0 17
# FILE 1529314861542496 mf.1 2 7
# FILE 1529314861542519 mf.10 2 7
# FILE 1529314861542539 mf.11 2 7
# FILE 1529314861542558 mf.12 2 7
# FILE 1529314861542577 mf.13 2 7
# FILE 1529314861542596 mf.14 2 7
# FILE 1529314861542615 mf.15 2 7
# FILE 1529314861542635 mf.2 2 7
# FILE 1529314861542654 mf.3 2 7
# FILE 1529314861542673 mf.4 2 7
# FILE 1529314861542692 mf.5 2 7
# FILE 1529314861542711 mf.6 2 7
# FILE 1529314861542730 mf.7 2 7
# FILE 1529314861542749 mf.8 2 7
# FILE 1529314861542769 mf.9 2 7
# FILE 1529314861542789 t_f39dd1cd.sh 2 0
# FILE 1529314861542833 t_de89023a.sh 2 0
# FILE 1529314861542854 builder_fa4673ce0d7e66da227e1922f3976418d569d369.log 1 0
# FILE 1529314861542874 output 1 1073741824
1529314861543223 15 1 16 1 1 15 0 0 17
# FILE 1529316191277803 builder_fa4673ce0d7e66da227e1922f3976418d569d369.log 2 34002
# FILE 1529316191280112 output 2 0
# FILE 1529316191282272 t_f39dd1cd.sh 4 0
# FILE 1529316191284322 t_de89023a.sh 4 0
1529316191284348 15 2 16 1 0 16 0 0 17
# FILE 1529316191292756 output 2 0
# FILE 1529316191292780 t_443dc975.sh 2 0
# FILE 1529316191292813 t_581f3fae.sh 2 0
# FILE 1529316191292845 builder_cacbc73bf2525ded2d73de0c2a8f6164d81b92b6.log 1 0
# FILE 1529316191292866 mf_16 1 1073741824
1529316191293095 16 1 17 0 1 16 0 0 17
# FILE 1529317520075804 builder_cacbc73bf2525ded2d73de0c2a8f6164d81b92b6.log 2 34002
# FILE 1529317520078094 mf_16 2 0
# FILE 1529317520080033 t_443dc975.sh 4 0
# FILE 1529317520081830 t_581f3fae.sh 4 0
1529317520081857 16 2 17 0 0 17 0 0 17
# COMPLETED 1529317520082024
